22/09/24 05:18:10 INFO fs.TrashPolicyDefault: Moved: 'hdfs://sandbox-hdp.hortonworks.com:8020/user/maria_dev/input' to trash at: hdfs://sandbox-hdp.hortonworks.com:8020/user/maria_dev/.Trash/Current/user/maria_dev/input1663996690898
22/09/24 05:18:19 INFO fs.TrashPolicyDefault: Moved: 'hdfs://sandbox-hdp.hortonworks.com:8020/user/maria_dev/output' to trash at: hdfs://sandbox-hdp.hortonworks.com:8020/user/maria_dev/.Trash/Current/user/maria_dev/output1663996699517
packageJobJar: [] [/usr/hdp/2.6.5.0-292/hadoop-mapreduce/hadoop-streaming-2.7.3.2.6.5.0-292.jar] /tmp/streamjob8328626122821018177.jar tmpDir=null
22/09/24 05:18:22 INFO client.RMProxy: Connecting to ResourceManager at sandbox-hdp.hortonworks.com/172.18.0.2:8032
22/09/24 05:18:22 INFO client.AHSProxy: Connecting to Application History server at sandbox-hdp.hortonworks.com/172.18.0.2:10200
22/09/24 05:18:22 INFO client.RMProxy: Connecting to ResourceManager at sandbox-hdp.hortonworks.com/172.18.0.2:8032
22/09/24 05:18:22 INFO client.AHSProxy: Connecting to Application History server at sandbox-hdp.hortonworks.com/172.18.0.2:10200
22/09/24 05:18:23 INFO mapred.FileInputFormat: Total input paths to process : 1
22/09/24 05:18:23 INFO mapreduce.JobSubmitter: number of splits:2
22/09/24 05:18:23 INFO mapreduce.JobSubmitter: Submitting tokens for job: job_1663992843437_0007
22/09/24 05:18:24 INFO impl.YarnClientImpl: Submitted application application_1663992843437_0007
22/09/24 05:18:24 INFO mapreduce.Job: The url to track the job: http://sandbox-hdp.hortonworks.com:8088/proxy/application_1663992843437_0007/
22/09/24 05:18:24 INFO mapreduce.Job: Running job: job_1663992843437_0007
22/09/24 05:18:31 INFO mapreduce.Job: Job job_1663992843437_0007 running in uber mode : false
22/09/24 05:18:31 INFO mapreduce.Job:  map 0% reduce 0%
22/09/24 05:18:38 INFO mapreduce.Job:  map 100% reduce 0%
22/09/24 05:18:46 INFO mapreduce.Job:  map 100% reduce 100%
22/09/24 05:18:47 INFO mapreduce.Job: Job job_1663992843437_0007 completed successfully
22/09/24 05:18:48 INFO mapreduce.Job: Counters: 49
	File System Counters
		FILE: Number of bytes read=446
		FILE: Number of bytes written=470670
		FILE: Number of read operations=0
		FILE: Number of large read operations=0
		FILE: Number of write operations=0
		HDFS: Number of bytes read=1732
		HDFS: Number of bytes written=177
		HDFS: Number of read operations=9
		HDFS: Number of large read operations=0
		HDFS: Number of write operations=2
	Job Counters 
		Launched map tasks=2
		Launched reduce tasks=1
		Data-local map tasks=2
		Total time spent by all maps in occupied slots (ms)=9265
		Total time spent by all reduces in occupied slots (ms)=5943
		Total time spent by all map tasks (ms)=9265
		Total time spent by all reduce tasks (ms)=5943
		Total vcore-milliseconds taken by all map tasks=9265
		Total vcore-milliseconds taken by all reduce tasks=5943
		Total megabyte-milliseconds taken by all map tasks=2316250
		Total megabyte-milliseconds taken by all reduce tasks=1485750
	Map-Reduce Framework
		Map input records=16
		Map output records=16
		Map output bytes=408
		Map output materialized bytes=452
		Input split bytes=242
		Combine input records=0
		Combine output records=0
		Reduce input groups=5
		Reduce shuffle bytes=452
		Reduce input records=16
		Reduce output records=5
		Spilled Records=32
		Shuffled Maps =2
		Failed Shuffles=0
		Merged Map outputs=2
		GC time elapsed (ms)=504
		CPU time spent (ms)=2580
		Physical memory (bytes) snapshot=544489472
		Virtual memory (bytes) snapshot=5838745600
		Total committed heap usage (bytes)=271056896
	Shuffle Errors
		BAD_ID=0
		CONNECTION=0
		IO_ERROR=0
		WRONG_LENGTH=0
		WRONG_MAP=0
		WRONG_REDUCE=0
	File Input Format Counters 
		Bytes Read=1490
	File Output Format Counters 
		Bytes Written=177
22/09/24 05:18:48 INFO streaming.StreamJob: Output directory: output/all_accidents
packageJobJar: [] [/usr/hdp/2.6.5.0-292/hadoop-mapreduce/hadoop-streaming-2.7.3.2.6.5.0-292.jar] /tmp/streamjob620213402182051750.jar tmpDir=null
22/09/24 05:18:52 INFO client.RMProxy: Connecting to ResourceManager at sandbox-hdp.hortonworks.com/172.18.0.2:8032
22/09/24 05:18:52 INFO client.AHSProxy: Connecting to Application History server at sandbox-hdp.hortonworks.com/172.18.0.2:10200
22/09/24 05:18:52 INFO client.RMProxy: Connecting to ResourceManager at sandbox-hdp.hortonworks.com/172.18.0.2:8032
22/09/24 05:18:52 INFO client.AHSProxy: Connecting to Application History server at sandbox-hdp.hortonworks.com/172.18.0.2:10200
22/09/24 05:18:54 INFO mapred.FileInputFormat: Total input paths to process : 1
22/09/24 05:18:54 INFO mapreduce.JobSubmitter: number of splits:2
22/09/24 05:18:55 INFO mapreduce.JobSubmitter: Submitting tokens for job: job_1663992843437_0008
22/09/24 05:18:55 INFO impl.YarnClientImpl: Submitted application application_1663992843437_0008
22/09/24 05:18:55 INFO mapreduce.Job: The url to track the job: http://sandbox-hdp.hortonworks.com:8088/proxy/application_1663992843437_0008/
22/09/24 05:18:55 INFO mapreduce.Job: Running job: job_1663992843437_0008
22/09/24 05:19:04 INFO mapreduce.Job: Job job_1663992843437_0008 running in uber mode : false
22/09/24 05:19:04 INFO mapreduce.Job:  map 0% reduce 0%
22/09/24 05:19:11 INFO mapreduce.Job:  map 100% reduce 0%
22/09/24 05:19:17 INFO mapreduce.Job:  map 100% reduce 100%
22/09/24 05:19:18 INFO mapreduce.Job: Job job_1663992843437_0008 completed successfully
22/09/24 05:19:18 INFO mapreduce.Job: Counters: 49
	File System Counters
		FILE: Number of bytes read=68
		FILE: Number of bytes written=469932
		FILE: Number of read operations=0
		FILE: Number of large read operations=0
		FILE: Number of write operations=0
		HDFS: Number of bytes read=542
		HDFS: Number of bytes written=46
		HDFS: Number of read operations=9
		HDFS: Number of large read operations=0
		HDFS: Number of write operations=2
	Job Counters 
		Launched map tasks=2
		Launched reduce tasks=1
		Data-local map tasks=2
		Total time spent by all maps in occupied slots (ms)=9640
		Total time spent by all reduces in occupied slots (ms)=3481
		Total time spent by all map tasks (ms)=9640
		Total time spent by all reduce tasks (ms)=3481
		Total vcore-milliseconds taken by all map tasks=9640
		Total vcore-milliseconds taken by all reduce tasks=3481
		Total megabyte-milliseconds taken by all map tasks=2410000
		Total megabyte-milliseconds taken by all reduce tasks=870250
	Map-Reduce Framework
		Map input records=5
		Map output records=4
		Map output bytes=54
		Map output materialized bytes=74
		Input split bytes=276
		Combine input records=0
		Combine output records=0
		Reduce input groups=3
		Reduce shuffle bytes=74
		Reduce input records=4
		Reduce output records=3
		Spilled Records=8
		Shuffled Maps =2
		Failed Shuffles=0
		Merged Map outputs=2
		GC time elapsed (ms)=522
		CPU time spent (ms)=2740
		Physical memory (bytes) snapshot=544759808
		Virtual memory (bytes) snapshot=5837578240
		Total committed heap usage (bytes)=271056896
	Shuffle Errors
		BAD_ID=0
		CONNECTION=0
		IO_ERROR=0
		WRONG_LENGTH=0
		WRONG_MAP=0
		WRONG_REDUCE=0
	File Input Format Counters 
		Bytes Read=266
	File Output Format Counters 
		Bytes Written=46
22/09/24 05:19:18 INFO streaming.StreamJob: Output directory: output/make_year_count
